
Efinix Static Timing Analysis Report
Version: 2023.2.307
Date: Fri Feb  9 18:48:04 2024

Copyright (C) 2013 - 2023  All rights reserved.

Top-level Entity Name: HW_FIFO_UART

SDC Filename: /home/kaushal/Vicharak/Sample_Projects/HW_FIFO_UART/timing_constraints.sdc

Timing Model: C4
	temperature : 0C to 85C
	voltage : 1.2V +/-50mV
	speedgrade : 4
	technology : s40ll
	status : final

---------- Table of Contents (begin) ----------
   1. Clock Frequency Summary
   2. Clock Relationship Summary
   3. Path Details for Max Critical Paths
   4. Path Details for Min Critical Paths
---------- Table of Contents (end) ------------

---------- 1. Clock Frequency Summary (begin) ----------

User target constrained clocks
 Clock Name  Period (ns)  Frequency (MHz)    Waveform      Targets
   Clock       100.000        10.000      {0.000 50.000}   {Clock}

Maximum possible analyzed clocks frequency
 Clock Name  Period (ns)  Frequency (MHz)     Edge
   Clock        11.214        89.174         (R-R)

Geomean max period: 11.214

---------- Clock Frequency Summary (end) ---------------

---------- 2. Clock Relationship Summary (begin) ----------

Setup (Max) Clock Relationship
  Launch Clock    Capture Clock   Constraint (ns)     Slack (ns)          Edge
     Clock            Clock           100.000           88.786           (R-R)

Hold (Min) Clock Relationship
  Launch Clock    Capture Clock   Constraint (ns)     Slack (ns)          Edge
     Clock            Clock            0.000            0.086            (R-R)

NOTE: Values are in nanoseconds.

---------- Clock Relationship Summary (end) ---------------

---------- 3. Path Details for Max Critical Paths (begin) ----------

################################################################################
Path Detail Report (Clock vs Clock)
################################################################################


++++ Path 1 ++++++++++++++++++++++++++++++++++++++++++++++++++++++++++++++++++++

Path Begin    : synq_fifo_inst/count[30]~FF|CLK      
Path End      : synq_fifo_inst/count[7]~FF|CE        
Launch Clock  : Clock (RISE)                         
Capture Clock : Clock (RISE)                         
Slack         : 88.786 (required time - arrival time)
Delay         : 10.637                               

Logic Level             : 4
Non-global nets on path : 5
Global nets on path     : 0

Launch Clock Path Delay        :  5.310
+ Clock To Q + Data Path Delay : 11.094
---------------------------------------
End-of-path arrival time       : 16.404

Constraint                     : 100.000
+ Capture Clock Path Delay     :   5.310
- Clock Uncertainty            :   0.120
----------------------------------------
End-of-path required time      : 105.190

Launch Clock Path
             name                model name   delay (ns)  cumulative delay (ns) pins on net    location
=========================================================================================================
Clock                              inpad        0.000             0.000               0       (338,323)
Clock                              inpad        0.200             0.200               2       (338,323)
Clock                              net          0.320             0.520               2       (338,323)
   Routing elements:
      Manhattan distance of X:1, Y:0
CLKBUF__0|I                        gbuf         4.790             5.310               2       (337,323)
CLKBUF__0|O                        gbuf         0.000             5.310             113       (337,323)
Clock~O                            net          0.000             5.310             113       (337,323)
synq_fifo_inst/count[30]~FF|CLK    ff           0.000             5.310             113       (74,59)  

Data Path
            name               model name   delay (ns)  cumulative delay (ns) pins on net    location
=======================================================================================================
synq_fifo_inst/count[30]~FF|Q     ff          0.282             0.282               4        (74,59)
synq_fifo_inst/count[30]          net         1.571             1.853               4        (74,59)
   Routing elements:
      Manhattan distance of X:6, Y:1
LUT__723|in[0]                    lut         0.000             1.853               4        (80,58)
LUT__723|out                      lut         0.000             1.853               2        (80,58)
n480                              net         1.729             3.582               2        (80,58)
   Routing elements:
      Manhattan distance of X:5, Y:5
LUT__725|in[0]                    lut         0.000             3.582               2        (75,53)
LUT__725|out                      lut         0.000             3.582               4        (75,53)
n482                              net         0.953             4.535               4        (75,53)
   Routing elements:
      Manhattan distance of X:2, Y:16
LUT__732|in[2]                    lut         0.000             4.535               4        (73,37)
LUT__732|out                      lut         0.000             4.535               4        (73,37)
f_full                            net         1.549             6.084               4        (73,37)
   Routing elements:
      Manhattan distance of X:15, Y:21
LUT__819|in[2]                    lut         0.000             6.084               4        (58,58)
LUT__819|out                      lut         0.000             6.084              33        (58,58)
ceg_net125                        net         4.835            10.919              33        (58,58)
   Routing elements:
      Manhattan distance of X:16, Y:22
synq_fifo_inst/count[7]~FF|CE     ff          0.175            11.094              33        (74,36)

Capture Clock Path
             name               model name   delay (ns)  cumulative delay (ns) pins on net    location
========================================================================================================
Clock                             inpad        0.000             0.000               0       (338,323)
Clock                             inpad        0.200             0.200               2       (338,323)
Clock                             net          0.320             0.520               2       (338,323)
   Routing elements:
      Manhattan distance of X:1, Y:0
CLKBUF__0|I                       gbuf         4.790             5.310               2       (337,323)
CLKBUF__0|O                       gbuf         0.000             5.310             113       (337,323)
Clock~O                           net          0.000             5.310             113       (337,323)
synq_fifo_inst/count[7]~FF|CLK    ff           0.000             5.310             113       (74,36)  

++++ Path 2 ++++++++++++++++++++++++++++++++++++++++++++++++++++++++++++++++++++

Path Begin    : synq_fifo_inst/count[30]~FF|CLK      
Path End      : synq_fifo_inst/count[7]~FF|CE        
Launch Clock  : Clock (RISE)                         
Capture Clock : Clock (RISE)                         
Slack         : 88.871 (required time - arrival time)
Delay         : 10.552                               

Logic Level             : 4
Non-global nets on path : 5
Global nets on path     : 0

Launch Clock Path Delay        :  5.310
+ Clock To Q + Data Path Delay : 11.009
---------------------------------------
End-of-path arrival time       : 16.319

Constraint                     : 100.000
+ Capture Clock Path Delay     :   5.310
- Clock Uncertainty            :   0.120
----------------------------------------
End-of-path required time      : 105.190

Launch Clock Path
             name                model name   delay (ns)  cumulative delay (ns) pins on net    location
=========================================================================================================
Clock                              inpad        0.000             0.000               0       (338,323)
Clock                              inpad        0.200             0.200               2       (338,323)
Clock                              net          0.320             0.520               2       (338,323)
   Routing elements:
      Manhattan distance of X:1, Y:0
CLKBUF__0|I                        gbuf         4.790             5.310               2       (337,323)
CLKBUF__0|O                        gbuf         0.000             5.310             113       (337,323)
Clock~O                            net          0.000             5.310             113       (337,323)
synq_fifo_inst/count[30]~FF|CLK    ff           0.000             5.310             113       (74,59)  

Data Path
            name               model name   delay (ns)  cumulative delay (ns) pins on net    location
=======================================================================================================
synq_fifo_inst/count[30]~FF|Q     ff          0.282             0.282               4        (74,59)
synq_fifo_inst/count[30]          net         1.571             1.853               4        (74,59)
   Routing elements:
      Manhattan distance of X:6, Y:1
LUT__723|in[0]                    lut         0.000             1.853               4        (80,58)
LUT__723|out                      lut         0.000             1.853               2        (80,58)
n480                              net         1.729             3.582               2        (80,58)
   Routing elements:
      Manhattan distance of X:5, Y:5
LUT__725|in[0]                    lut         0.000             3.582               2        (75,53)
LUT__725|out                      lut         0.000             3.582               4        (75,53)
n482                              net         1.144             4.726               4        (75,53)
   Routing elements:
      Manhattan distance of X:5, Y:2
LUT__818|in[0]                    lut         0.000             4.726               4        (70,55)
LUT__818|out                      lut         0.000             4.726              41        (70,55)
synq_fifo_inst/n90                net         1.273             5.999              41        (70,55)
   Routing elements:
      Manhattan distance of X:12, Y:3
LUT__819|in[3]                    lut         0.000             5.999              41        (58,58)
LUT__819|out                      lut         0.000             5.999              33        (58,58)
ceg_net125                        net         4.835            10.834              33        (58,58)
   Routing elements:
      Manhattan distance of X:16, Y:22
synq_fifo_inst/count[7]~FF|CE     ff          0.175            11.009              33        (74,36)

Capture Clock Path
             name               model name   delay (ns)  cumulative delay (ns) pins on net    location
========================================================================================================
Clock                             inpad        0.000             0.000               0       (338,323)
Clock                             inpad        0.200             0.200               2       (338,323)
Clock                             net          0.320             0.520               2       (338,323)
   Routing elements:
      Manhattan distance of X:1, Y:0
CLKBUF__0|I                       gbuf         4.790             5.310               2       (337,323)
CLKBUF__0|O                       gbuf         0.000             5.310             113       (337,323)
Clock~O                           net          0.000             5.310             113       (337,323)
synq_fifo_inst/count[7]~FF|CLK    ff           0.000             5.310             113       (74,36)  

++++ Path 3 ++++++++++++++++++++++++++++++++++++++++++++++++++++++++++++++++++++

Path Begin    : synq_fifo_inst/count[30]~FF|CLK      
Path End      : synq_fifo_inst/count[30]~FF|CE       
Launch Clock  : Clock (RISE)                         
Capture Clock : Clock (RISE)                         
Slack         : 89.060 (required time - arrival time)
Delay         : 10.363                               

Logic Level             : 4
Non-global nets on path : 5
Global nets on path     : 0

Launch Clock Path Delay        :  5.310
+ Clock To Q + Data Path Delay : 10.820
---------------------------------------
End-of-path arrival time       : 16.130

Constraint                     : 100.000
+ Capture Clock Path Delay     :   5.310
- Clock Uncertainty            :   0.120
----------------------------------------
End-of-path required time      : 105.190

Launch Clock Path
             name                model name   delay (ns)  cumulative delay (ns) pins on net    location
=========================================================================================================
Clock                              inpad        0.000             0.000               0       (338,323)
Clock                              inpad        0.200             0.200               2       (338,323)
Clock                              net          0.320             0.520               2       (338,323)
   Routing elements:
      Manhattan distance of X:1, Y:0
CLKBUF__0|I                        gbuf         4.790             5.310               2       (337,323)
CLKBUF__0|O                        gbuf         0.000             5.310             113       (337,323)
Clock~O                            net          0.000             5.310             113       (337,323)
synq_fifo_inst/count[30]~FF|CLK    ff           0.000             5.310             113       (74,59)  

Data Path
             name               model name   delay (ns)  cumulative delay (ns) pins on net    location
========================================================================================================
synq_fifo_inst/count[30]~FF|Q      ff          0.282             0.282               4        (74,59)
synq_fifo_inst/count[30]           net         1.571             1.853               4        (74,59)
   Routing elements:
      Manhattan distance of X:6, Y:1
LUT__723|in[0]                     lut         0.000             1.853               4        (80,58)
LUT__723|out                       lut         0.000             1.853               2        (80,58)
n480                               net         1.729             3.582               2        (80,58)
   Routing elements:
      Manhattan distance of X:5, Y:5
LUT__725|in[0]                     lut         0.000             3.582               2        (75,53)
LUT__725|out                       lut         0.000             3.582               4        (75,53)
n482                               net         0.953             4.535               4        (75,53)
   Routing elements:
      Manhattan distance of X:2, Y:16
LUT__732|in[2]                     lut         0.000             4.535               4        (73,37)
LUT__732|out                       lut         0.000             4.535               4        (73,37)
f_full                             net         1.549             6.084               4        (73,37)
   Routing elements:
      Manhattan distance of X:15, Y:21
LUT__819|in[2]                     lut         0.000             6.084               4        (58,58)
LUT__819|out                       lut         0.000             6.084              33        (58,58)
ceg_net125                         net         4.561            10.645              33        (58,58)
   Routing elements:
      Manhattan distance of X:16, Y:1
synq_fifo_inst/count[30]~FF|CE     ff          0.175            10.820              33        (74,59)

Capture Clock Path
             name                model name   delay (ns)  cumulative delay (ns) pins on net    location
=========================================================================================================
Clock                              inpad        0.000             0.000               0       (338,323)
Clock                              inpad        0.200             0.200               2       (338,323)
Clock                              net          0.320             0.520               2       (338,323)
   Routing elements:
      Manhattan distance of X:1, Y:0
CLKBUF__0|I                        gbuf         4.790             5.310               2       (337,323)
CLKBUF__0|O                        gbuf         0.000             5.310             113       (337,323)
Clock~O                            net          0.000             5.310             113       (337,323)
synq_fifo_inst/count[30]~FF|CLK    ff           0.000             5.310             113       (74,59)  

++++ Path 4 ++++++++++++++++++++++++++++++++++++++++++++++++++++++++++++++++++++

Path Begin    : synq_fifo_inst/count[30]~FF|CLK      
Path End      : synq_fifo_inst/count[30]~FF|CE       
Launch Clock  : Clock (RISE)                         
Capture Clock : Clock (RISE)                         
Slack         : 89.145 (required time - arrival time)
Delay         : 10.278                               

Logic Level             : 4
Non-global nets on path : 5
Global nets on path     : 0

Launch Clock Path Delay        :  5.310
+ Clock To Q + Data Path Delay : 10.735
---------------------------------------
End-of-path arrival time       : 16.045

Constraint                     : 100.000
+ Capture Clock Path Delay     :   5.310
- Clock Uncertainty            :   0.120
----------------------------------------
End-of-path required time      : 105.190

Launch Clock Path
             name                model name   delay (ns)  cumulative delay (ns) pins on net    location
=========================================================================================================
Clock                              inpad        0.000             0.000               0       (338,323)
Clock                              inpad        0.200             0.200               2       (338,323)
Clock                              net          0.320             0.520               2       (338,323)
   Routing elements:
      Manhattan distance of X:1, Y:0
CLKBUF__0|I                        gbuf         4.790             5.310               2       (337,323)
CLKBUF__0|O                        gbuf         0.000             5.310             113       (337,323)
Clock~O                            net          0.000             5.310             113       (337,323)
synq_fifo_inst/count[30]~FF|CLK    ff           0.000             5.310             113       (74,59)  

Data Path
             name               model name   delay (ns)  cumulative delay (ns) pins on net    location
========================================================================================================
synq_fifo_inst/count[30]~FF|Q      ff          0.282             0.282               4        (74,59)
synq_fifo_inst/count[30]           net         1.571             1.853               4        (74,59)
   Routing elements:
      Manhattan distance of X:6, Y:1
LUT__723|in[0]                     lut         0.000             1.853               4        (80,58)
LUT__723|out                       lut         0.000             1.853               2        (80,58)
n480                               net         1.729             3.582               2        (80,58)
   Routing elements:
      Manhattan distance of X:5, Y:5
LUT__725|in[0]                     lut         0.000             3.582               2        (75,53)
LUT__725|out                       lut         0.000             3.582               4        (75,53)
n482                               net         1.144             4.726               4        (75,53)
   Routing elements:
      Manhattan distance of X:5, Y:2
LUT__818|in[0]                     lut         0.000             4.726               4        (70,55)
LUT__818|out                       lut         0.000             4.726              41        (70,55)
synq_fifo_inst/n90                 net         1.273             5.999              41        (70,55)
   Routing elements:
      Manhattan distance of X:12, Y:3
LUT__819|in[3]                     lut         0.000             5.999              41        (58,58)
LUT__819|out                       lut         0.000             5.999              33        (58,58)
ceg_net125                         net         4.561            10.560              33        (58,58)
   Routing elements:
      Manhattan distance of X:16, Y:1
synq_fifo_inst/count[30]~FF|CE     ff          0.175            10.735              33        (74,59)

Capture Clock Path
             name                model name   delay (ns)  cumulative delay (ns) pins on net    location
=========================================================================================================
Clock                              inpad        0.000             0.000               0       (338,323)
Clock                              inpad        0.200             0.200               2       (338,323)
Clock                              net          0.320             0.520               2       (338,323)
   Routing elements:
      Manhattan distance of X:1, Y:0
CLKBUF__0|I                        gbuf         4.790             5.310               2       (337,323)
CLKBUF__0|O                        gbuf         0.000             5.310             113       (337,323)
Clock~O                            net          0.000             5.310             113       (337,323)
synq_fifo_inst/count[30]~FF|CLK    ff           0.000             5.310             113       (74,59)  

++++ Path 5 ++++++++++++++++++++++++++++++++++++++++++++++++++++++++++++++++++++

Path Begin    : synq_fifo_inst/count[4]~FF|CLK       
Path End      : synq_fifo_inst/count[7]~FF|CE        
Launch Clock  : Clock (RISE)                         
Capture Clock : Clock (RISE)                         
Slack         : 89.164 (required time - arrival time)
Delay         : 10.259                               

Logic Level             : 4
Non-global nets on path : 5
Global nets on path     : 0

Launch Clock Path Delay        :  5.310
+ Clock To Q + Data Path Delay : 10.716
---------------------------------------
End-of-path arrival time       : 16.026

Constraint                     : 100.000
+ Capture Clock Path Delay     :   5.310
- Clock Uncertainty            :   0.120
----------------------------------------
End-of-path required time      : 105.190

Launch Clock Path
             name               model name   delay (ns)  cumulative delay (ns) pins on net    location
========================================================================================================
Clock                             inpad        0.000             0.000               0       (338,323)
Clock                             inpad        0.200             0.200               2       (338,323)
Clock                             net          0.320             0.520               2       (338,323)
   Routing elements:
      Manhattan distance of X:1, Y:0
CLKBUF__0|I                       gbuf         4.790             5.310               2       (337,323)
CLKBUF__0|O                       gbuf         0.000             5.310             113       (337,323)
Clock~O                           net          0.000             5.310             113       (337,323)
synq_fifo_inst/count[4]~FF|CLK    ff           0.000             5.310             113       (76,33)  

Data Path
            name               model name   delay (ns)  cumulative delay (ns) pins on net    location
=======================================================================================================
synq_fifo_inst/count[4]~FF|Q      ff          0.282             0.282               4        (76,33)
synq_fifo_inst/count[4]           net         1.538             1.820               4        (76,33)
   Routing elements:
      Manhattan distance of X:2, Y:3
LUT__730|in[0]                    lut         0.000             1.820               4        (78,30)
LUT__730|out                      lut         0.000             1.820               3        (78,30)
n487                              net         1.113             2.933               3        (78,30)
   Routing elements:
      Manhattan distance of X:6, Y:1
LUT__734|in[1]                    lut         0.000             2.933               3        (72,31)
LUT__734|out                      lut         0.000             2.933               3        (72,31)
n490                              net         1.500             4.433               3        (72,31)
   Routing elements:
      Manhattan distance of X:2, Y:24
LUT__818|in[2]                    lut         0.000             4.433               3        (70,55)
LUT__818|out                      lut         0.000             4.433              41        (70,55)
synq_fifo_inst/n90                net         1.273             5.706              41        (70,55)
   Routing elements:
      Manhattan distance of X:12, Y:3
LUT__819|in[3]                    lut         0.000             5.706              41        (58,58)
LUT__819|out                      lut         0.000             5.706              33        (58,58)
ceg_net125                        net         4.835            10.541              33        (58,58)
   Routing elements:
      Manhattan distance of X:16, Y:22
synq_fifo_inst/count[7]~FF|CE     ff          0.175            10.716              33        (74,36)

Capture Clock Path
             name               model name   delay (ns)  cumulative delay (ns) pins on net    location
========================================================================================================
Clock                             inpad        0.000             0.000               0       (338,323)
Clock                             inpad        0.200             0.200               2       (338,323)
Clock                             net          0.320             0.520               2       (338,323)
   Routing elements:
      Manhattan distance of X:1, Y:0
CLKBUF__0|I                       gbuf         4.790             5.310               2       (337,323)
CLKBUF__0|O                       gbuf         0.000             5.310             113       (337,323)
Clock~O                           net          0.000             5.310             113       (337,323)
synq_fifo_inst/count[7]~FF|CLK    ff           0.000             5.310             113       (74,36)  

++++ Path 6 ++++++++++++++++++++++++++++++++++++++++++++++++++++++++++++++++++++

Path Begin    : synq_fifo_inst/count[30]~FF|CLK      
Path End      : synq_fifo_inst/count[14]~FF|D        
Launch Clock  : Clock (RISE)                         
Capture Clock : Clock (RISE)                         
Slack         : 89.187 (required time - arrival time)
Delay         : 10.293                               

Logic Level             : 4
Non-global nets on path : 4
Global nets on path     : 0

Launch Clock Path Delay        :  5.310
+ Clock To Q + Data Path Delay : 10.693
---------------------------------------
End-of-path arrival time       : 16.003

Constraint                     : 100.000
+ Capture Clock Path Delay     :   5.310
- Clock Uncertainty            :   0.120
----------------------------------------
End-of-path required time      : 105.190

Launch Clock Path
             name                model name   delay (ns)  cumulative delay (ns) pins on net    location
=========================================================================================================
Clock                              inpad        0.000             0.000               0       (338,323)
Clock                              inpad        0.200             0.200               2       (338,323)
Clock                              net          0.320             0.520               2       (338,323)
   Routing elements:
      Manhattan distance of X:1, Y:0
CLKBUF__0|I                        gbuf         4.790             5.310               2       (337,323)
CLKBUF__0|O                        gbuf         0.000             5.310             113       (337,323)
Clock~O                            net          0.000             5.310             113       (337,323)
synq_fifo_inst/count[30]~FF|CLK    ff           0.000             5.310             113       (74,59)  

Data Path
            name               model name   delay (ns)  cumulative delay (ns) pins on net    location
=======================================================================================================
synq_fifo_inst/count[30]~FF|Q     ff          0.282             0.282               4        (74,59)
synq_fifo_inst/count[30]          net         1.571             1.853               4        (74,59)
   Routing elements:
      Manhattan distance of X:6, Y:1
LUT__723|in[0]                    lut         0.000             1.853               4        (80,58)
LUT__723|out                      lut         0.000             1.853               2        (80,58)
n480                              net         1.729             3.582               2        (80,58)
   Routing elements:
      Manhattan distance of X:5, Y:5
LUT__725|in[0]                    lut         0.000             3.582               2        (75,53)
LUT__725|out                      lut         0.000             3.582               4        (75,53)
n482                              net         1.144             4.726               4        (75,53)
   Routing elements:
      Manhattan distance of X:5, Y:2
LUT__818|in[0]                    lut         0.000             4.726               4        (70,55)
LUT__818|out                      lut         0.000             4.726              41        (70,55)
synq_fifo_inst/n90                net         5.849            10.575              41        (70,55)
   Routing elements:
      Manhattan distance of X:6, Y:12
LUT__834|in[1]                    lut         0.000            10.575              41        (76,43)
LUT__834|out                      lut         0.000            10.575               2        (76,43)
synq_fifo_inst/count[14]~FF|D     ff          0.118            10.693               2        (76,43)

Capture Clock Path
             name                model name   delay (ns)  cumulative delay (ns) pins on net    location
=========================================================================================================
Clock                              inpad        0.000             0.000               0       (338,323)
Clock                              inpad        0.200             0.200               2       (338,323)
Clock                              net          0.320             0.520               2       (338,323)
   Routing elements:
      Manhattan distance of X:1, Y:0
CLKBUF__0|I                        gbuf         4.790             5.310               2       (337,323)
CLKBUF__0|O                        gbuf         0.000             5.310             113       (337,323)
Clock~O                            net          0.000             5.310             113       (337,323)
synq_fifo_inst/count[14]~FF|CLK    ff           0.000             5.310             113       (76,43)  

++++ Path 7 ++++++++++++++++++++++++++++++++++++++++++++++++++++++++++++++++++++

Path Begin    : synq_fifo_inst/count[0]~FF|CLK       
Path End      : synq_fifo_inst/count[7]~FF|CE        
Launch Clock  : Clock (RISE)                         
Capture Clock : Clock (RISE)                         
Slack         : 89.252 (required time - arrival time)
Delay         : 10.171                               

Logic Level             : 4
Non-global nets on path : 5
Global nets on path     : 0

Launch Clock Path Delay        :  5.310
+ Clock To Q + Data Path Delay : 10.628
---------------------------------------
End-of-path arrival time       : 15.938

Constraint                     : 100.000
+ Capture Clock Path Delay     :   5.310
- Clock Uncertainty            :   0.120
----------------------------------------
End-of-path required time      : 105.190

Launch Clock Path
             name               model name   delay (ns)  cumulative delay (ns) pins on net    location
========================================================================================================
Clock                             inpad        0.000             0.000               0       (338,323)
Clock                             inpad        0.200             0.200               2       (338,323)
Clock                             net          0.320             0.520               2       (338,323)
   Routing elements:
      Manhattan distance of X:1, Y:0
CLKBUF__0|I                       gbuf         4.790             5.310               2       (337,323)
CLKBUF__0|O                       gbuf         0.000             5.310             113       (337,323)
Clock~O                           net          0.000             5.310             113       (337,323)
synq_fifo_inst/count[0]~FF|CLK    ff           0.000             5.310             113       (80,30)  

Data Path
            name               model name   delay (ns)  cumulative delay (ns) pins on net    location
=======================================================================================================
synq_fifo_inst/count[0]~FF|Q      ff          0.282             0.282               5        (80,30)
synq_fifo_inst/count[0]           net         1.450             1.732               5        (80,30)
   Routing elements:
      Manhattan distance of X:2, Y:0
LUT__730|in[1]                    lut         0.000             1.732               5        (78,30)
LUT__730|out                      lut         0.000             1.732               3        (78,30)
n487                              net         1.113             2.845               3        (78,30)
   Routing elements:
      Manhattan distance of X:6, Y:1
LUT__734|in[1]                    lut         0.000             2.845               3        (72,31)
LUT__734|out                      lut         0.000             2.845               3        (72,31)
n490                              net         1.500             4.345               3        (72,31)
   Routing elements:
      Manhattan distance of X:2, Y:24
LUT__818|in[2]                    lut         0.000             4.345               3        (70,55)
LUT__818|out                      lut         0.000             4.345              41        (70,55)
synq_fifo_inst/n90                net         1.273             5.618              41        (70,55)
   Routing elements:
      Manhattan distance of X:12, Y:3
LUT__819|in[3]                    lut         0.000             5.618              41        (58,58)
LUT__819|out                      lut         0.000             5.618              33        (58,58)
ceg_net125                        net         4.835            10.453              33        (58,58)
   Routing elements:
      Manhattan distance of X:16, Y:22
synq_fifo_inst/count[7]~FF|CE     ff          0.175            10.628              33        (74,36)

Capture Clock Path
             name               model name   delay (ns)  cumulative delay (ns) pins on net    location
========================================================================================================
Clock                             inpad        0.000             0.000               0       (338,323)
Clock                             inpad        0.200             0.200               2       (338,323)
Clock                             net          0.320             0.520               2       (338,323)
   Routing elements:
      Manhattan distance of X:1, Y:0
CLKBUF__0|I                       gbuf         4.790             5.310               2       (337,323)
CLKBUF__0|O                       gbuf         0.000             5.310             113       (337,323)
Clock~O                           net          0.000             5.310             113       (337,323)
synq_fifo_inst/count[7]~FF|CLK    ff           0.000             5.310             113       (74,36)  

++++ Path 8 ++++++++++++++++++++++++++++++++++++++++++++++++++++++++++++++++++++

Path Begin    : synq_fifo_inst/count[17]~FF|CLK      
Path End      : synq_fifo_inst/count[7]~FF|CE        
Launch Clock  : Clock (RISE)                         
Capture Clock : Clock (RISE)                         
Slack         : 89.323 (required time - arrival time)
Delay         : 10.100                               

Logic Level             : 4
Non-global nets on path : 5
Global nets on path     : 0

Launch Clock Path Delay        :  5.310
+ Clock To Q + Data Path Delay : 10.557
---------------------------------------
End-of-path arrival time       : 15.867

Constraint                     : 100.000
+ Capture Clock Path Delay     :   5.310
- Clock Uncertainty            :   0.120
----------------------------------------
End-of-path required time      : 105.190

Launch Clock Path
             name                model name   delay (ns)  cumulative delay (ns) pins on net    location
=========================================================================================================
Clock                              inpad        0.000             0.000               0       (338,323)
Clock                              inpad        0.200             0.200               2       (338,323)
Clock                              net          0.320             0.520               2       (338,323)
   Routing elements:
      Manhattan distance of X:1, Y:0
CLKBUF__0|I                        gbuf         4.790             5.310               2       (337,323)
CLKBUF__0|O                        gbuf         0.000             5.310             113       (337,323)
Clock~O                            net          0.000             5.310             113       (337,323)
synq_fifo_inst/count[17]~FF|CLK    ff           0.000             5.310             113       (78,46)  

Data Path
            name               model name   delay (ns)  cumulative delay (ns) pins on net    location
=======================================================================================================
synq_fifo_inst/count[17]~FF|Q     ff          0.282             0.282               4        (78,46)
synq_fifo_inst/count[17]          net         1.438             1.720               4        (78,46)
   Routing elements:
      Manhattan distance of X:2, Y:0
LUT__722|in[1]                    lut         0.000             1.720               4        (80,46)
LUT__722|out                      lut         0.000             1.720               2        (80,46)
n479                              net         1.325             3.045               2        (80,46)
   Routing elements:
      Manhattan distance of X:5, Y:7
LUT__725|in[1]                    lut         0.000             3.045               2        (75,53)
LUT__725|out                      lut         0.000             3.045               4        (75,53)
n482                              net         0.953             3.998               4        (75,53)
   Routing elements:
      Manhattan distance of X:2, Y:16
LUT__732|in[2]                    lut         0.000             3.998               4        (73,37)
LUT__732|out                      lut         0.000             3.998               4        (73,37)
f_full                            net         1.549             5.547               4        (73,37)
   Routing elements:
      Manhattan distance of X:15, Y:21
LUT__819|in[2]                    lut         0.000             5.547               4        (58,58)
LUT__819|out                      lut         0.000             5.547              33        (58,58)
ceg_net125                        net         4.835            10.382              33        (58,58)
   Routing elements:
      Manhattan distance of X:16, Y:22
synq_fifo_inst/count[7]~FF|CE     ff          0.175            10.557              33        (74,36)

Capture Clock Path
             name               model name   delay (ns)  cumulative delay (ns) pins on net    location
========================================================================================================
Clock                             inpad        0.000             0.000               0       (338,323)
Clock                             inpad        0.200             0.200               2       (338,323)
Clock                             net          0.320             0.520               2       (338,323)
   Routing elements:
      Manhattan distance of X:1, Y:0
CLKBUF__0|I                       gbuf         4.790             5.310               2       (337,323)
CLKBUF__0|O                       gbuf         0.000             5.310             113       (337,323)
Clock~O                           net          0.000             5.310             113       (337,323)
synq_fifo_inst/count[7]~FF|CLK    ff           0.000             5.310             113       (74,36)  

++++ Path 9 ++++++++++++++++++++++++++++++++++++++++++++++++++++++++++++++++++++

Path Begin    : synq_fifo_inst/count[28]~FF|CLK      
Path End      : synq_fifo_inst/count[7]~FF|CE        
Launch Clock  : Clock (RISE)                         
Capture Clock : Clock (RISE)                         
Slack         : 89.383 (required time - arrival time)
Delay         : 10.040                               

Logic Level             : 4
Non-global nets on path : 5
Global nets on path     : 0

Launch Clock Path Delay        :  5.310
+ Clock To Q + Data Path Delay : 10.497
---------------------------------------
End-of-path arrival time       : 15.807

Constraint                     : 100.000
+ Capture Clock Path Delay     :   5.310
- Clock Uncertainty            :   0.120
----------------------------------------
End-of-path required time      : 105.190

Launch Clock Path
             name                model name   delay (ns)  cumulative delay (ns) pins on net    location
=========================================================================================================
Clock                              inpad        0.000             0.000               0       (338,323)
Clock                              inpad        0.200             0.200               2       (338,323)
Clock                              net          0.320             0.520               2       (338,323)
   Routing elements:
      Manhattan distance of X:1, Y:0
CLKBUF__0|I                        gbuf         4.790             5.310               2       (337,323)
CLKBUF__0|O                        gbuf         0.000             5.310             113       (337,323)
Clock~O                            net          0.000             5.310             113       (337,323)
synq_fifo_inst/count[28]~FF|CLK    ff           0.000             5.310             113       (78,57)  

Data Path
            name               model name   delay (ns)  cumulative delay (ns) pins on net    location
=======================================================================================================
synq_fifo_inst/count[28]~FF|Q     ff          0.282             0.282               4        (78,57)
synq_fifo_inst/count[28]          net         0.974             1.256               4        (78,57)
   Routing elements:
      Manhattan distance of X:2, Y:1
LUT__723|in[2]                    lut         0.000             1.256               4        (80,58)
LUT__723|out                      lut         0.000             1.256               2        (80,58)
n480                              net         1.729             2.985               2        (80,58)
   Routing elements:
      Manhattan distance of X:5, Y:5
LUT__725|in[0]                    lut         0.000             2.985               2        (75,53)
LUT__725|out                      lut         0.000             2.985               4        (75,53)
n482                              net         0.953             3.938               4        (75,53)
   Routing elements:
      Manhattan distance of X:2, Y:16
LUT__732|in[2]                    lut         0.000             3.938               4        (73,37)
LUT__732|out                      lut         0.000             3.938               4        (73,37)
f_full                            net         1.549             5.487               4        (73,37)
   Routing elements:
      Manhattan distance of X:15, Y:21
LUT__819|in[2]                    lut         0.000             5.487               4        (58,58)
LUT__819|out                      lut         0.000             5.487              33        (58,58)
ceg_net125                        net         4.835            10.322              33        (58,58)
   Routing elements:
      Manhattan distance of X:16, Y:22
synq_fifo_inst/count[7]~FF|CE     ff          0.175            10.497              33        (74,36)

Capture Clock Path
             name               model name   delay (ns)  cumulative delay (ns) pins on net    location
========================================================================================================
Clock                             inpad        0.000             0.000               0       (338,323)
Clock                             inpad        0.200             0.200               2       (338,323)
Clock                             net          0.320             0.520               2       (338,323)
   Routing elements:
      Manhattan distance of X:1, Y:0
CLKBUF__0|I                       gbuf         4.790             5.310               2       (337,323)
CLKBUF__0|O                       gbuf         0.000             5.310             113       (337,323)
Clock~O                           net          0.000             5.310             113       (337,323)
synq_fifo_inst/count[7]~FF|CLK    ff           0.000             5.310             113       (74,36)  

++++ Path 10 +++++++++++++++++++++++++++++++++++++++++++++++++++++++++++++++++++

Path Begin    : synq_fifo_inst/count[30]~FF|CLK      
Path End      : synq_fifo_inst/count[16]~FF|D        
Launch Clock  : Clock (RISE)                         
Capture Clock : Clock (RISE)                         
Slack         : 89.398 (required time - arrival time)
Delay         : 10.082                               

Logic Level             : 4
Non-global nets on path : 4
Global nets on path     : 0

Launch Clock Path Delay        :  5.310
+ Clock To Q + Data Path Delay : 10.482
---------------------------------------
End-of-path arrival time       : 15.792

Constraint                     : 100.000
+ Capture Clock Path Delay     :   5.310
- Clock Uncertainty            :   0.120
----------------------------------------
End-of-path required time      : 105.190

Launch Clock Path
             name                model name   delay (ns)  cumulative delay (ns) pins on net    location
=========================================================================================================
Clock                              inpad        0.000             0.000               0       (338,323)
Clock                              inpad        0.200             0.200               2       (338,323)
Clock                              net          0.320             0.520               2       (338,323)
   Routing elements:
      Manhattan distance of X:1, Y:0
CLKBUF__0|I                        gbuf         4.790             5.310               2       (337,323)
CLKBUF__0|O                        gbuf         0.000             5.310             113       (337,323)
Clock~O                            net          0.000             5.310             113       (337,323)
synq_fifo_inst/count[30]~FF|CLK    ff           0.000             5.310             113       (74,59)  

Data Path
            name               model name   delay (ns)  cumulative delay (ns) pins on net    location
=======================================================================================================
synq_fifo_inst/count[30]~FF|Q     ff          0.282             0.282               4        (74,59)
synq_fifo_inst/count[30]          net         1.571             1.853               4        (74,59)
   Routing elements:
      Manhattan distance of X:6, Y:1
LUT__723|in[0]                    lut         0.000             1.853               4        (80,58)
LUT__723|out                      lut         0.000             1.853               2        (80,58)
n480                              net         1.729             3.582               2        (80,58)
   Routing elements:
      Manhattan distance of X:5, Y:5
LUT__725|in[0]                    lut         0.000             3.582               2        (75,53)
LUT__725|out                      lut         0.000             3.582               4        (75,53)
n482                              net         1.144             4.726               4        (75,53)
   Routing elements:
      Manhattan distance of X:5, Y:2
LUT__818|in[0]                    lut         0.000             4.726               4        (70,55)
LUT__818|out                      lut         0.000             4.726              41        (70,55)
synq_fifo_inst/n90                net         5.638            10.364              41        (70,55)
   Routing elements:
      Manhattan distance of X:6, Y:11
LUT__836|in[1]                    lut         0.000            10.364              41        (76,44)
LUT__836|out                      lut         0.000            10.364               2        (76,44)
synq_fifo_inst/count[16]~FF|D     ff          0.118            10.482               2        (76,44)

Capture Clock Path
             name                model name   delay (ns)  cumulative delay (ns) pins on net    location
=========================================================================================================
Clock                              inpad        0.000             0.000               0       (338,323)
Clock                              inpad        0.200             0.200               2       (338,323)
Clock                              net          0.320             0.520               2       (338,323)
   Routing elements:
      Manhattan distance of X:1, Y:0
CLKBUF__0|I                        gbuf         4.790             5.310               2       (337,323)
CLKBUF__0|O                        gbuf         0.000             5.310             113       (337,323)
Clock~O                            net          0.000             5.310             113       (337,323)
synq_fifo_inst/count[16]~FF|CLK    ff           0.000             5.310             113       (76,44)  

---------- Path Details for Max Critical Paths (end) ---------------

---------- 4. Path Details for Min Critical Paths (begin) ----------

################################################################################
Path Detail Report (Clock vs Clock)
################################################################################


++++ Path 1 ++++++++++++++++++++++++++++++++++++++++++++++++++++++++++++++++++++

Path Begin    : synq_fifo_inst/wr_ptr[4]~FF|CLK     
Path End      : synq_fifo_inst/fifo|ADDRB[3]        
Launch Clock  : Clock (RISE)                        
Capture Clock : Clock (RISE)                        
Slack         : 0.086 (arrival time - required time)
Delay         : 0.170                               

Logic Level             : 0
Non-global nets on path : 1
Global nets on path     : 0

Launch Clock Path Delay        : 2.655
+ Clock To Q + Data Path Delay : 0.146
--------------------------------------
End-of-path arrival time       : 2.801

Constraint                     : 0.000
+ Capture Clock Path Delay     : 2.655
+ Clock Uncertainty            : 0.060
--------------------------------------
End-of-path required time      : 2.715

Launch Clock Path
             name                model name   delay (ns)  cumulative delay (ns) pins on net    location
=========================================================================================================
Clock                              inpad        0.000             0.000               0       (338,323)
Clock                              inpad        0.100             0.100               2       (338,323)
Clock                              net          0.160             0.260               2       (338,323)
   Routing elements:
      Manhattan distance of X:1, Y:0
CLKBUF__0|I                        gbuf         2.395             2.655               2       (337,323)
CLKBUF__0|O                        gbuf         0.000             2.655             113       (337,323)
Clock~O                            net          0.000             2.655             113       (337,323)
synq_fifo_inst/wr_ptr[4]~FF|CLK    ff           0.000             2.655             113       (40,73)  

Data Path
            name               model name    delay (ns)  cumulative delay (ns) pins on net    location
========================================================================================================
synq_fifo_inst/wr_ptr[4]~FF|Q ff                0.141            0.141              3         (40,73)
synq_fifo_inst/wr_ptr[4]      net               0.170            0.311              3         (40,73)
   Routing elements:
      Manhattan distance of X:1, Y:11
synq_fifo_inst/fifo|ADDRB[3]  dpram_4096x20    -0.165            0.146              3         (39,62)

Capture Clock Path
          name            model name    delay (ns)  cumulative delay (ns) pins on net    location
===================================================================================================
Clock                    inpad            0.000             0.000               0       (338,323)
Clock                    inpad            0.100             0.100               2       (338,323)
Clock                    net              0.160             0.260               2       (338,323)
   Routing elements:
      Manhattan distance of X:1, Y:0
CLKBUF__0|I              gbuf             2.395             2.655               2       (337,323)
CLKBUF__0|O              gbuf             0.000             2.655             113       (337,323)
Clock~O                  net              0.000             2.655             113       (337,323)
synq_fifo_inst/fifo|CLKB dpram_4096x20    0.000             2.655             113       (39,62)  

++++ Path 2 ++++++++++++++++++++++++++++++++++++++++++++++++++++++++++++++++++++

Path Begin    : synq_fifo_inst/wr_ptr[3]~FF|CLK     
Path End      : synq_fifo_inst/fifo|ADDRB[2]        
Launch Clock  : Clock (RISE)                        
Capture Clock : Clock (RISE)                        
Slack         : 0.086 (arrival time - required time)
Delay         : 0.170                               

Logic Level             : 0
Non-global nets on path : 1
Global nets on path     : 0

Launch Clock Path Delay        : 2.655
+ Clock To Q + Data Path Delay : 0.146
--------------------------------------
End-of-path arrival time       : 2.801

Constraint                     : 0.000
+ Capture Clock Path Delay     : 2.655
+ Clock Uncertainty            : 0.060
--------------------------------------
End-of-path required time      : 2.715

Launch Clock Path
             name                model name   delay (ns)  cumulative delay (ns) pins on net    location
=========================================================================================================
Clock                              inpad        0.000             0.000               0       (338,323)
Clock                              inpad        0.100             0.100               2       (338,323)
Clock                              net          0.160             0.260               2       (338,323)
   Routing elements:
      Manhattan distance of X:1, Y:0
CLKBUF__0|I                        gbuf         2.395             2.655               2       (337,323)
CLKBUF__0|O                        gbuf         0.000             2.655             113       (337,323)
Clock~O                            net          0.000             2.655             113       (337,323)
synq_fifo_inst/wr_ptr[3]~FF|CLK    ff           0.000             2.655             113       (38,72)  

Data Path
            name               model name    delay (ns)  cumulative delay (ns) pins on net    location
========================================================================================================
synq_fifo_inst/wr_ptr[3]~FF|Q ff                0.141            0.141              4         (38,72)
synq_fifo_inst/wr_ptr[3]      net               0.170            0.311              4         (38,72)
   Routing elements:
      Manhattan distance of X:1, Y:10
synq_fifo_inst/fifo|ADDRB[2]  dpram_4096x20    -0.165            0.146              4         (39,62)

Capture Clock Path
          name            model name    delay (ns)  cumulative delay (ns) pins on net    location
===================================================================================================
Clock                    inpad            0.000             0.000               0       (338,323)
Clock                    inpad            0.100             0.100               2       (338,323)
Clock                    net              0.160             0.260               2       (338,323)
   Routing elements:
      Manhattan distance of X:1, Y:0
CLKBUF__0|I              gbuf             2.395             2.655               2       (337,323)
CLKBUF__0|O              gbuf             0.000             2.655             113       (337,323)
Clock~O                  net              0.000             2.655             113       (337,323)
synq_fifo_inst/fifo|CLKB dpram_4096x20    0.000             2.655             113       (39,62)  

++++ Path 3 ++++++++++++++++++++++++++++++++++++++++++++++++++++++++++++++++++++

Path Begin    : synq_fifo_inst/wr_ptr[2]~FF|CLK     
Path End      : synq_fifo_inst/fifo|ADDRB[1]        
Launch Clock  : Clock (RISE)                        
Capture Clock : Clock (RISE)                        
Slack         : 0.086 (arrival time - required time)
Delay         : 0.170                               

Logic Level             : 0
Non-global nets on path : 1
Global nets on path     : 0

Launch Clock Path Delay        : 2.655
+ Clock To Q + Data Path Delay : 0.146
--------------------------------------
End-of-path arrival time       : 2.801

Constraint                     : 0.000
+ Capture Clock Path Delay     : 2.655
+ Clock Uncertainty            : 0.060
--------------------------------------
End-of-path required time      : 2.715

Launch Clock Path
             name                model name   delay (ns)  cumulative delay (ns) pins on net    location
=========================================================================================================
Clock                              inpad        0.000             0.000               0       (338,323)
Clock                              inpad        0.100             0.100               2       (338,323)
Clock                              net          0.160             0.260               2       (338,323)
   Routing elements:
      Manhattan distance of X:1, Y:0
CLKBUF__0|I                        gbuf         2.395             2.655               2       (337,323)
CLKBUF__0|O                        gbuf         0.000             2.655             113       (337,323)
Clock~O                            net          0.000             2.655             113       (337,323)
synq_fifo_inst/wr_ptr[2]~FF|CLK    ff           0.000             2.655             113       (38,71)  

Data Path
            name               model name    delay (ns)  cumulative delay (ns) pins on net    location
========================================================================================================
synq_fifo_inst/wr_ptr[2]~FF|Q ff                0.141            0.141              5         (38,71)
synq_fifo_inst/wr_ptr[2]      net               0.170            0.311              5         (38,71)
   Routing elements:
      Manhattan distance of X:1, Y:9
synq_fifo_inst/fifo|ADDRB[1]  dpram_4096x20    -0.165            0.146              5         (39,62)

Capture Clock Path
          name            model name    delay (ns)  cumulative delay (ns) pins on net    location
===================================================================================================
Clock                    inpad            0.000             0.000               0       (338,323)
Clock                    inpad            0.100             0.100               2       (338,323)
Clock                    net              0.160             0.260               2       (338,323)
   Routing elements:
      Manhattan distance of X:1, Y:0
CLKBUF__0|I              gbuf             2.395             2.655               2       (337,323)
CLKBUF__0|O              gbuf             0.000             2.655             113       (337,323)
Clock~O                  net              0.000             2.655             113       (337,323)
synq_fifo_inst/fifo|CLKB dpram_4096x20    0.000             2.655             113       (39,62)  

++++ Path 4 ++++++++++++++++++++++++++++++++++++++++++++++++++++++++++++++++++++

Path Begin    : synq_fifo_inst/rd_ptr[3]~FF|CLK     
Path End      : synq_fifo_inst/fifo|ADDRA[2]        
Launch Clock  : Clock (RISE)                        
Capture Clock : Clock (RISE)                        
Slack         : 0.116 (arrival time - required time)
Delay         : 0.170                               

Logic Level             : 0
Non-global nets on path : 1
Global nets on path     : 0

Launch Clock Path Delay        : 2.655
+ Clock To Q + Data Path Delay : 0.176
--------------------------------------
End-of-path arrival time       : 2.831

Constraint                     : 0.000
+ Capture Clock Path Delay     : 2.655
+ Clock Uncertainty            : 0.060
--------------------------------------
End-of-path required time      : 2.715

Launch Clock Path
             name                model name   delay (ns)  cumulative delay (ns) pins on net    location
=========================================================================================================
Clock                              inpad        0.000             0.000               0       (338,323)
Clock                              inpad        0.100             0.100               2       (338,323)
Clock                              net          0.160             0.260               2       (338,323)
   Routing elements:
      Manhattan distance of X:1, Y:0
CLKBUF__0|I                        gbuf         2.395             2.655               2       (337,323)
CLKBUF__0|O                        gbuf         0.000             2.655             113       (337,323)
Clock~O                            net          0.000             2.655             113       (337,323)
synq_fifo_inst/rd_ptr[3]~FF|CLK    ff           0.000             2.655             113       (40,64)  

Data Path
            name               model name    delay (ns)  cumulative delay (ns) pins on net    location
========================================================================================================
synq_fifo_inst/rd_ptr[3]~FF|Q ff                0.141            0.141              4         (40,64)
synq_fifo_inst/rd_ptr[3]      net               0.170            0.311              4         (40,64)
   Routing elements:
      Manhattan distance of X:1, Y:2
synq_fifo_inst/fifo|ADDRA[2]  dpram_4096x20    -0.135            0.176              4         (39,62)

Capture Clock Path
          name            model name    delay (ns)  cumulative delay (ns) pins on net    location
===================================================================================================
Clock                    inpad            0.000             0.000               0       (338,323)
Clock                    inpad            0.100             0.100               2       (338,323)
Clock                    net              0.160             0.260               2       (338,323)
   Routing elements:
      Manhattan distance of X:1, Y:0
CLKBUF__0|I              gbuf             2.395             2.655               2       (337,323)
CLKBUF__0|O              gbuf             0.000             2.655             113       (337,323)
Clock~O                  net              0.000             2.655             113       (337,323)
synq_fifo_inst/fifo|CLKA dpram_4096x20    0.000             2.655             113       (39,62)  

++++ Path 5 ++++++++++++++++++++++++++++++++++++++++++++++++++++++++++++++++++++

Path Begin    : synq_fifo_inst/rd_ptr[4]~FF|CLK     
Path End      : synq_fifo_inst/fifo|ADDRA[3]        
Launch Clock  : Clock (RISE)                        
Capture Clock : Clock (RISE)                        
Slack         : 0.116 (arrival time - required time)
Delay         : 0.170                               

Logic Level             : 0
Non-global nets on path : 1
Global nets on path     : 0

Launch Clock Path Delay        : 2.655
+ Clock To Q + Data Path Delay : 0.176
--------------------------------------
End-of-path arrival time       : 2.831

Constraint                     : 0.000
+ Capture Clock Path Delay     : 2.655
+ Clock Uncertainty            : 0.060
--------------------------------------
End-of-path required time      : 2.715

Launch Clock Path
             name                model name   delay (ns)  cumulative delay (ns) pins on net    location
=========================================================================================================
Clock                              inpad        0.000             0.000               0       (338,323)
Clock                              inpad        0.100             0.100               2       (338,323)
Clock                              net          0.160             0.260               2       (338,323)
   Routing elements:
      Manhattan distance of X:1, Y:0
CLKBUF__0|I                        gbuf         2.395             2.655               2       (337,323)
CLKBUF__0|O                        gbuf         0.000             2.655             113       (337,323)
Clock~O                            net          0.000             2.655             113       (337,323)
synq_fifo_inst/rd_ptr[4]~FF|CLK    ff           0.000             2.655             113       (40,65)  

Data Path
            name               model name    delay (ns)  cumulative delay (ns) pins on net    location
========================================================================================================
synq_fifo_inst/rd_ptr[4]~FF|Q ff                0.141            0.141              3         (40,65)
synq_fifo_inst/rd_ptr[4]      net               0.170            0.311              3         (40,65)
   Routing elements:
      Manhattan distance of X:1, Y:3
synq_fifo_inst/fifo|ADDRA[3]  dpram_4096x20    -0.135            0.176              3         (39,62)

Capture Clock Path
          name            model name    delay (ns)  cumulative delay (ns) pins on net    location
===================================================================================================
Clock                    inpad            0.000             0.000               0       (338,323)
Clock                    inpad            0.100             0.100               2       (338,323)
Clock                    net              0.160             0.260               2       (338,323)
   Routing elements:
      Manhattan distance of X:1, Y:0
CLKBUF__0|I              gbuf             2.395             2.655               2       (337,323)
CLKBUF__0|O              gbuf             0.000             2.655             113       (337,323)
Clock~O                  net              0.000             2.655             113       (337,323)
synq_fifo_inst/fifo|CLKA dpram_4096x20    0.000             2.655             113       (39,62)  

++++ Path 6 ++++++++++++++++++++++++++++++++++++++++++++++++++++++++++++++++++++

Path Begin    : synq_fifo_inst/wr_ptr[2]~FF|CLK     
Path End      : synq_fifo_inst/wr_ptr[2]~FF|D       
Launch Clock  : Clock (RISE)                        
Capture Clock : Clock (RISE)                        
Slack         : 0.307 (arrival time - required time)
Delay         : 0.226                               

Logic Level             : 1
Non-global nets on path : 1
Global nets on path     : 0

Launch Clock Path Delay        : 2.655
+ Clock To Q + Data Path Delay : 0.367
--------------------------------------
End-of-path arrival time       : 3.022

Constraint                     : 0.000
+ Capture Clock Path Delay     : 2.655
+ Clock Uncertainty            : 0.060
--------------------------------------
End-of-path required time      : 2.715

Launch Clock Path
             name                model name   delay (ns)  cumulative delay (ns) pins on net    location
=========================================================================================================
Clock                              inpad        0.000             0.000               0       (338,323)
Clock                              inpad        0.100             0.100               2       (338,323)
Clock                              net          0.160             0.260               2       (338,323)
   Routing elements:
      Manhattan distance of X:1, Y:0
CLKBUF__0|I                        gbuf         2.395             2.655               2       (337,323)
CLKBUF__0|O                        gbuf         0.000             2.655             113       (337,323)
Clock~O                            net          0.000             2.655             113       (337,323)
synq_fifo_inst/wr_ptr[2]~FF|CLK    ff           0.000             2.655             113       (38,71)  

Data Path
            name               model name   delay (ns)  cumulative delay (ns) pins on net    location
=======================================================================================================
synq_fifo_inst/wr_ptr[2]~FF|Q     ff          0.141             0.141              5         (38,71)
synq_fifo_inst/wr_ptr[2]          net         0.226             0.367              5         (38,71)
LUT__858|in[3]                    lut         0.000             0.367              5         (38,71)
LUT__858|out                      lut         0.000             0.367              2         (38,71)
synq_fifo_inst/wr_ptr[2]~FF|D     ff          0.000             0.367              2         (38,71)

Capture Clock Path
             name                model name   delay (ns)  cumulative delay (ns) pins on net    location
=========================================================================================================
Clock                              inpad        0.000             0.000               0       (338,323)
Clock                              inpad        0.100             0.100               2       (338,323)
Clock                              net          0.160             0.260               2       (338,323)
   Routing elements:
      Manhattan distance of X:1, Y:0
CLKBUF__0|I                        gbuf         2.395             2.655               2       (337,323)
CLKBUF__0|O                        gbuf         0.000             2.655             113       (337,323)
Clock~O                            net          0.000             2.655             113       (337,323)
synq_fifo_inst/wr_ptr[2]~FF|CLK    ff           0.000             2.655             113       (38,71)  

++++ Path 7 ++++++++++++++++++++++++++++++++++++++++++++++++++++++++++++++++++++

Path Begin    : uart_tx_inst/r_Bit_Index[2]~FF|CLK  
Path End      : uart_tx_inst/r_Bit_Index[2]~FF|D    
Launch Clock  : Clock (RISE)                        
Capture Clock : Clock (RISE)                        
Slack         : 0.307 (arrival time - required time)
Delay         : 0.226                               

Logic Level             : 1
Non-global nets on path : 1
Global nets on path     : 0

Launch Clock Path Delay        : 2.655
+ Clock To Q + Data Path Delay : 0.367
--------------------------------------
End-of-path arrival time       : 3.022

Constraint                     : 0.000
+ Capture Clock Path Delay     : 2.655
+ Clock Uncertainty            : 0.060
--------------------------------------
End-of-path required time      : 2.715

Launch Clock Path
               name                 model name   delay (ns)  cumulative delay (ns) pins on net    location
============================================================================================================
Clock                                 inpad        0.000             0.000               0       (338,323)
Clock                                 inpad        0.100             0.100               2       (338,323)
Clock                                 net          0.160             0.260               2       (338,323)
   Routing elements:
      Manhattan distance of X:1, Y:0
CLKBUF__0|I                           gbuf         2.395             2.655               2       (337,323)
CLKBUF__0|O                           gbuf         0.000             2.655             113       (337,323)
Clock~O                               net          0.000             2.655             113       (337,323)
uart_tx_inst/r_Bit_Index[2]~FF|CLK    ff           0.000             2.655             113       (34,86)  

Data Path
              name                model name   delay (ns)  cumulative delay (ns) pins on net    location
==========================================================================================================
uart_tx_inst/r_Bit_Index[2]~FF|Q     ff          0.141             0.141              4         (34,86)
uart_tx_inst/r_Bit_Index[2]          net         0.226             0.367              4         (34,86)
LUT__809|in[3]                       lut         0.000             0.367              4         (34,86)
LUT__809|out                         lut         0.000             0.367              2         (34,86)
uart_tx_inst/r_Bit_Index[2]~FF|D     ff          0.000             0.367              2         (34,86)

Capture Clock Path
               name                 model name   delay (ns)  cumulative delay (ns) pins on net    location
============================================================================================================
Clock                                 inpad        0.000             0.000               0       (338,323)
Clock                                 inpad        0.100             0.100               2       (338,323)
Clock                                 net          0.160             0.260               2       (338,323)
   Routing elements:
      Manhattan distance of X:1, Y:0
CLKBUF__0|I                           gbuf         2.395             2.655               2       (337,323)
CLKBUF__0|O                           gbuf         0.000             2.655             113       (337,323)
Clock~O                               net          0.000             2.655             113       (337,323)
uart_tx_inst/r_Bit_Index[2]~FF|CLK    ff           0.000             2.655             113       (34,86)  

++++ Path 8 ++++++++++++++++++++++++++++++++++++++++++++++++++++++++++++++++++++

Path Begin    : uart_tx_inst/r_SM_Main[1]~FF|CLK    
Path End      : uart_tx_inst/r_SM_Main[1]~FF|D      
Launch Clock  : Clock (RISE)                        
Capture Clock : Clock (RISE)                        
Slack         : 0.307 (arrival time - required time)
Delay         : 0.226                               

Logic Level             : 1
Non-global nets on path : 1
Global nets on path     : 0

Launch Clock Path Delay        : 2.655
+ Clock To Q + Data Path Delay : 0.367
--------------------------------------
End-of-path arrival time       : 3.022

Constraint                     : 0.000
+ Capture Clock Path Delay     : 2.655
+ Clock Uncertainty            : 0.060
--------------------------------------
End-of-path required time      : 2.715

Launch Clock Path
              name                model name   delay (ns)  cumulative delay (ns) pins on net    location
==========================================================================================================
Clock                               inpad        0.000             0.000               0       (338,323)
Clock                               inpad        0.100             0.100               2       (338,323)
Clock                               net          0.160             0.260               2       (338,323)
   Routing elements:
      Manhattan distance of X:1, Y:0
CLKBUF__0|I                         gbuf         2.395             2.655               2       (337,323)
CLKBUF__0|O                         gbuf         0.000             2.655             113       (337,323)
Clock~O                             net          0.000             2.655             113       (337,323)
uart_tx_inst/r_SM_Main[1]~FF|CLK    ff           0.000             2.655             113       (32,90)  

Data Path
             name               model name   delay (ns)  cumulative delay (ns) pins on net    location
========================================================================================================
uart_tx_inst/r_SM_Main[1]~FF|Q     ff          0.141             0.141              14        (32,90)
uart_tx_inst/r_SM_Main[1]          net         0.226             0.367              14        (32,90)
LUT__817|in[3]                     lut         0.000             0.367              14        (32,90)
LUT__817|out                       lut         0.000             0.367               2        (32,90)
uart_tx_inst/r_SM_Main[1]~FF|D     ff          0.000             0.367               2        (32,90)

Capture Clock Path
              name                model name   delay (ns)  cumulative delay (ns) pins on net    location
==========================================================================================================
Clock                               inpad        0.000             0.000               0       (338,323)
Clock                               inpad        0.100             0.100               2       (338,323)
Clock                               net          0.160             0.260               2       (338,323)
   Routing elements:
      Manhattan distance of X:1, Y:0
CLKBUF__0|I                         gbuf         2.395             2.655               2       (337,323)
CLKBUF__0|O                         gbuf         0.000             2.655             113       (337,323)
Clock~O                             net          0.000             2.655             113       (337,323)
uart_tx_inst/r_SM_Main[1]~FF|CLK    ff           0.000             2.655             113       (32,90)  

++++ Path 9 ++++++++++++++++++++++++++++++++++++++++++++++++++++++++++++++++++++

Path Begin    : synq_fifo_inst/wr_ptr[3]~FF|CLK     
Path End      : synq_fifo_inst/wr_ptr[3]~FF|D       
Launch Clock  : Clock (RISE)                        
Capture Clock : Clock (RISE)                        
Slack         : 0.307 (arrival time - required time)
Delay         : 0.226                               

Logic Level             : 1
Non-global nets on path : 1
Global nets on path     : 0

Launch Clock Path Delay        : 2.655
+ Clock To Q + Data Path Delay : 0.367
--------------------------------------
End-of-path arrival time       : 3.022

Constraint                     : 0.000
+ Capture Clock Path Delay     : 2.655
+ Clock Uncertainty            : 0.060
--------------------------------------
End-of-path required time      : 2.715

Launch Clock Path
             name                model name   delay (ns)  cumulative delay (ns) pins on net    location
=========================================================================================================
Clock                              inpad        0.000             0.000               0       (338,323)
Clock                              inpad        0.100             0.100               2       (338,323)
Clock                              net          0.160             0.260               2       (338,323)
   Routing elements:
      Manhattan distance of X:1, Y:0
CLKBUF__0|I                        gbuf         2.395             2.655               2       (337,323)
CLKBUF__0|O                        gbuf         0.000             2.655             113       (337,323)
Clock~O                            net          0.000             2.655             113       (337,323)
synq_fifo_inst/wr_ptr[3]~FF|CLK    ff           0.000             2.655             113       (38,72)  

Data Path
            name               model name   delay (ns)  cumulative delay (ns) pins on net    location
=======================================================================================================
synq_fifo_inst/wr_ptr[3]~FF|Q     ff          0.141             0.141              4         (38,72)
synq_fifo_inst/wr_ptr[3]          net         0.226             0.367              4         (38,72)
LUT__859|in[3]                    lut         0.000             0.367              4         (38,72)
LUT__859|out                      lut         0.000             0.367              2         (38,72)
synq_fifo_inst/wr_ptr[3]~FF|D     ff          0.000             0.367              2         (38,72)

Capture Clock Path
             name                model name   delay (ns)  cumulative delay (ns) pins on net    location
=========================================================================================================
Clock                              inpad        0.000             0.000               0       (338,323)
Clock                              inpad        0.100             0.100               2       (338,323)
Clock                              net          0.160             0.260               2       (338,323)
   Routing elements:
      Manhattan distance of X:1, Y:0
CLKBUF__0|I                        gbuf         2.395             2.655               2       (337,323)
CLKBUF__0|O                        gbuf         0.000             2.655             113       (337,323)
Clock~O                            net          0.000             2.655             113       (337,323)
synq_fifo_inst/wr_ptr[3]~FF|CLK    ff           0.000             2.655             113       (38,72)  

++++ Path 10 +++++++++++++++++++++++++++++++++++++++++++++++++++++++++++++++++++

Path Begin    : synq_fifo_inst/wr_ptr[0]~FF|CLK     
Path End      : synq_fifo_inst/wr_ptr[0]~FF|D       
Launch Clock  : Clock (RISE)                        
Capture Clock : Clock (RISE)                        
Slack         : 0.307 (arrival time - required time)
Delay         : 0.226                               

Logic Level             : 0
Non-global nets on path : 1
Global nets on path     : 0

Launch Clock Path Delay        : 2.655
+ Clock To Q + Data Path Delay : 0.367
--------------------------------------
End-of-path arrival time       : 3.022

Constraint                     : 0.000
+ Capture Clock Path Delay     : 2.655
+ Clock Uncertainty            : 0.060
--------------------------------------
End-of-path required time      : 2.715

Launch Clock Path
             name                model name   delay (ns)  cumulative delay (ns) pins on net    location
=========================================================================================================
Clock                              inpad        0.000             0.000               0       (338,323)
Clock                              inpad        0.100             0.100               2       (338,323)
Clock                              net          0.160             0.260               2       (338,323)
   Routing elements:
      Manhattan distance of X:1, Y:0
CLKBUF__0|I                        gbuf         2.395             2.655               2       (337,323)
CLKBUF__0|O                        gbuf         0.000             2.655             113       (337,323)
Clock~O                            net          0.000             2.655             113       (337,323)
synq_fifo_inst/wr_ptr[0]~FF|CLK    ff           0.000             2.655             113       (38,73)  

Data Path
            name               model name   delay (ns)  cumulative delay (ns) pins on net    location
=======================================================================================================
synq_fifo_inst/wr_ptr[0]~FF|Q     ff          0.141             0.141              7         (38,73)
synq_fifo_inst/wr_ptr[0]          net         0.226             0.367              7         (38,73)
synq_fifo_inst/wr_ptr[0]~FF|D     ff          0.000             0.367              7         (38,73)

Capture Clock Path
             name                model name   delay (ns)  cumulative delay (ns) pins on net    location
=========================================================================================================
Clock                              inpad        0.000             0.000               0       (338,323)
Clock                              inpad        0.100             0.100               2       (338,323)
Clock                              net          0.160             0.260               2       (338,323)
   Routing elements:
      Manhattan distance of X:1, Y:0
CLKBUF__0|I                        gbuf         2.395             2.655               2       (337,323)
CLKBUF__0|O                        gbuf         0.000             2.655             113       (337,323)
Clock~O                            net          0.000             2.655             113       (337,323)
synq_fifo_inst/wr_ptr[0]~FF|CLK    ff           0.000             2.655             113       (38,73)  

---------- Path Details for Min Critical Paths (end) ---------------

